

Microchip MPLAB XC8 Assembler V2.46 build 20240104201356 
                                                                                               Thu Jul 25 13:11:47 2024

Microchip MPLAB XC8 C Compiler v2.46 (Free license) build 20240104201356 Og1 
     1                           	processor	18F6585
     2                           	fnconf	rparam,??,?,0
     3                           	pagewidth 120
     4                           	opt	flic
     5                           	psect	cinit,global,reloc=2,class=CODE,delta=1
     6                           	psect	cstackCOMRAM,global,class=COMRAM,space=1,delta=1,lowdata,noexec
     7                           	psect	text0,global,reloc=2,class=CODE,delta=1
     8                           	psect	smallconst,global,reloc=2,class=SMALLCONST,delta=1,noexec
     9                           	psect	intsave_regs,global,class=BIGRAM,space=1,delta=1,noexec
    10                           	psect	rparam,global,class=COMRAM,space=1,delta=1,noexec
    11                           	psect	config,global,abs,ovrld,class=CONFIG,space=4,delta=1,noexec
    12   000000                     
    13                           ; Generated 17/10/2023 GMT
    14                           ; 
    15                           ; Copyright © 2023, Microchip Technology Inc. and its subsidiaries ("Microchip")
    16                           ; All rights reserved.
    17                           ; 
    18                           ; This software is developed by Microchip Technology Inc. and its subsidiaries ("Microch
      +                          ip").
    19                           ; 
    20                           ; Redistribution and use in source and binary forms, with or without modification, are
    21                           ; permitted provided that the following conditions are met:
    22                           ; 
    23                           ;     1. Redistributions of source code must retain the above copyright notice, this lis
      +                          t of
    24                           ;        conditions and the following disclaimer.
    25                           ; 
    26                           ;     2. Redistributions in binary form must reproduce the above copyright notice, this 
      +                          list
    27                           ;        of conditions and the following disclaimer in the documentation and/or other
    28                           ;        materials provided with the distribution. Publication is not required when
    29                           ;        this file is used in an embedded application.
    30                           ; 
    31                           ;     3. Microchip's name may not be used to endorse or promote products derived from th
      +                          is
    32                           ;        software without specific prior written permission.
    33                           ; 
    34                           ; THIS SOFTWARE IS PROVIDED BY MICROCHIP "AS IS" AND ANY EXPRESS OR IMPLIED WARRANTIES,
    35                           ; INCLUDING, BUT NOT LIMITED TO, THE IMPLIED WARRANTIES OF MERCHANTABILITY AND FITNESS F
      +                          OR
    36                           ; PURPOSE ARE DISCLAIMED.  IN NO EVENT SHALL MICROCHIP BE LIABLE FOR ANY DIRECT, INDIREC
      +                          T,
    37                           ; INCIDENTAL, SPECIAL, EXEMPLARY, OR CONSEQUENTIAL DAMAGES (INCLUDING BUT NOT LIMITED TO
    38                           ; PROCUREMENT OF SUBSTITUTE GOODS OR SERVICES; LOSS OF USE, DATA OR PROFITS; OR BUSINESS
    39                           ; INTERRUPTION) HOWSOEVER CAUSED AND ON ANY THEORY OF LIABILITY, WHETHER IN CONTRACT, ST
      +                          RICT
    40                           ; LIABILITY, OR TORT (INCLUDING NEGLIGENCE OR OTHERWISE) ARISING IN ANY WAY OUT OF THE U
      +                          SE OF
    41                           ; THIS SOFTWARE, EVEN IF ADVISED OF THE POSSIBILITY OF SUCH DAMAGE.
    42                           ; 
    43                           ; 
    44                           ; Code-generator required, PIC18F6585 Definitions
    45                           ; 
    46                           ; SFR Addresses
    47   000000                     _PORTBbits	set	3969
    48   000000                     _TRISB	set	3987
    49                           
    50                           ; #config settings
    51                           
    52                           	psect	cinit
    53   000D2C                     __pcinit:
    54                           	callstack 0
    55   000D2C                     start_initialization:
    56                           	callstack 0
    57   000D2C                     __initialization:
    58                           	callstack 0
    59   000D2C                     end_of_initialization:
    60                           	callstack 0
    61   000D2C                     __end_of__initialization:
    62                           	callstack 0
    63   000D2C  0100               	movlb	0
    64   000D2E  EF81  F006         	goto	_main	;jump to C main() function
    65                           
    66                           	psect	cstackCOMRAM
    67   000001                     __pcstackCOMRAM:
    68                           	callstack 0
    69   000001                     ??_main:
    70                           
    71                           ; 1 bytes @ 0x0
    72   000001                     	ds	2
    73                           
    74 ;;
    75 ;;Main: autosize = 0, tempsize = 2, incstack = 0, save=0
    76 ;;
    77 ;; *************** function _main *****************
    78 ;; Defined at:
    79 ;;		line 63 in file "newmain.c"
    80 ;; Parameters:    Size  Location     Type
    81 ;;		None
    82 ;; Auto vars:     Size  Location     Type
    83 ;;		None
    84 ;; Return value:  Size  Location     Type
    85 ;;                  1    wreg      void 
    86 ;; Registers used:
    87 ;;		wreg, status,2, status,0
    88 ;; Tracked objects:
    89 ;;		On entry : 0/0
    90 ;;		On exit  : 0/0
    91 ;;		Unchanged: 0/0
    92 ;; Data sizes:     COMRAM   BANK0   BANK1   BANK2   BANK3   BANK4   BANK5   BANK6   BANK7   BANK8   BANK9  BANK10  BANK1
      +1  BANK12
    93 ;;      Params:         0       0       0       0       0       0       0       0       0       0       0       0       
      +0       0
    94 ;;      Locals:         0       0       0       0       0       0       0       0       0       0       0       0       
      +0       0
    95 ;;      Temps:          2       0       0       0       0       0       0       0       0       0       0       0       
      +0       0
    96 ;;      Totals:         2       0       0       0       0       0       0       0       0       0       0       0       
      +0       0
    97 ;;Total ram usage:        2 bytes
    98 ;; This function calls:
    99 ;;		Nothing
   100 ;; This function is called by:
   101 ;;		Startup code after reset
   102 ;; This function uses a non-reentrant model
   103 ;;
   104                           
   105                           	psect	text0
   106   000D02                     __ptext0:
   107                           	callstack 0
   108   000D02                     _main:
   109                           	callstack 31
   110   000D02  FFFF               	dw	65535	; assembler added errata NOP
   111                           
   112                           ;newmain.c: 64:     TRISB=0X00;
   113   000D04  0E00               	movlw	0
   114   000D06  6E93               	movwf	147,c	;volatile
   115   000D08                     l692:
   116   000D08  FFFF               	dw	65535	; assembler added errata NOP
   117                           
   118                           ;newmain.c: 66:     {;newmain.c: 67:         PORTBbits.RB0 ^=1;
   119   000D0A  7081               	btg	129,0,c	;volatile
   120   000D0C                     
   121                           ;newmain.c: 68:         _delay((unsigned long)((500)*(4000000/4000.0)));
   122   000D0C  0E02               	movlw	2
   123   000D0E  6E02               	movwf	(??_main+1)^0,c
   124   000D10  0EE8               	movlw	232
   125   000D12  6E01               	movwf	??_main^0,c
   126   000D14  0E52               	movlw	82
   127   000D16                     u17:
   128   000D16  FFFF               	dw	65535	; errata NOP
   129   000D18  2EE8               	decfsz	wreg,f,c
   130   000D1A  D7FD               	bra	u17
   131   000D1C  2E01               	decfsz	??_main^0,f,c
   132   000D1E  D7FB               	bra	u17
   133   000D20  2E02               	decfsz	(??_main+1)^0,f,c
   134   000D22  D7F9               	bra	u17
   135   000D24  EF84  F006         	goto	l692
   136   000D28  EF00  F000         	goto	start
   137   000D2C                     __end_of_main:
   138                           	callstack 0
   139                           
   140                           	psect	smallconst
   141   000D00                     __psmallconst:
   142                           	callstack 0
   143   000D00  00                 	db	0
   144   000D01  00                 	db	0	; dummy byte at the end
   145   000000                     
   146                           	psect	rparam
   147   000000                     
   148                           	psect	config
   149                           
   150                           ; Padding undefined space
   151   300000                     	org	3145728
   152   300000  FF                 	db	255
   153                           
   154                           ;Config register CONFIG1H @ 0x300001
   155                           ;	Oscillator
   156                           ;	OSC = HS, HS oscillator
   157                           ;	Osc. Switch Enable
   158                           ;	OSCS = OFF, Oscillator system clock switch option is disabled (main oscillator is sour
      +                          ce)
   159   300001                     	org	3145729
   160   300001  22                 	db	34
   161                           
   162                           ;Config register CONFIG2L @ 0x300002
   163                           ;	Power Up Timer
   164                           ;	PWRT = OFF, PWRT disabled
   165                           ;	Brown Out Detect
   166                           ;	BOR = ON, Brown-out Reset enabled
   167                           ;	Brown Out Voltage
   168                           ;	BORV = 20, VBOR set to 2.0V
   169   300002                     	org	3145730
   170   300002  0F                 	db	15
   171                           
   172                           ;Config register CONFIG2H @ 0x300003
   173                           ;	Watchdog Timer
   174                           ;	WDT = OFF, WDT disabled (control is placed on the SWDTEN bit)
   175                           ;	Watchdog Postscaler
   176                           ;	WDTPS = 32768, 1:32768
   177   300003                     	org	3145731
   178   300003  1E                 	db	30
   179                           
   180                           ;Config register CONFIG3L @ 0x300004
   181                           ;	unspecified, using default values
   182   300004                     	org	3145732
   183   300004  83                 	db	131
   184                           
   185                           ;Config register CONFIG3H @ 0x300005
   186                           ;	CCP2 Mux
   187                           ;	CCP2MX = OFF, CCP2 input/output is multiplexed with RE7
   188                           ;	MCLR enable
   189                           ;	MCLRE = OFF, RG5 input enabled, MCLR disabled
   190   300005                     	org	3145733
   191   300005  02                 	db	2
   192                           
   193                           ;Config register CONFIG4L @ 0x300006
   194                           ;	Stack Overflow Reset
   195                           ;	STVR = OFF, Stack full/underflow will not cause Reset
   196                           ;	Low Voltage Program
   197                           ;	LVP = OFF, Low-voltage ICSP disabled
   198                           ;	Background Debugger Enable bit
   199                           ;	DEBUG = 0x1, unprogrammed default
   200   300006                     	org	3145734
   201   300006  80                 	db	128
   202                           
   203                           ; Padding undefined space
   204   300007                     	org	3145735
   205   300007  FF                 	db	255
   206                           
   207                           ;Config register CONFIG5L @ 0x300008
   208                           ;	Code Protect 000800-0003FFF
   209                           ;	CP0 = OFF, Block 0 (000800-003FFFh) not code-protected
   210                           ;	Code Protect 0004000-007FFF
   211                           ;	CP1 = OFF, Block 1 (004000-007FFFh) not code-protected
   212                           ;	Code Protect 008000-00BFFF
   213                           ;	CP2 = OFF, Block 2 (008000-00BFFFh) not code-protected
   214   300008                     	org	3145736
   215   300008  0F                 	db	15
   216                           
   217                           ;Config register CONFIG5H @ 0x300009
   218                           ;	Code Protect Boot
   219                           ;	CPB = OFF, Boot block (000000-0007FFh) not code-protected
   220                           ;	Data EE Read Protect
   221                           ;	CPD = OFF, Data EEPROM not code-protected
   222   300009                     	org	3145737
   223   300009  C0                 	db	192
   224                           
   225                           ;Config register CONFIG6L @ 0x30000A
   226                           ;	Table Write Protect 00800-003FFF
   227                           ;	WRT0 = OFF, Block 0 (000800-003FFFh) not write-protected
   228                           ;	Table Write Protect 004000-007FFF
   229                           ;	WRT1 = OFF, Block 1 (004000-007FFFh) not write-protected
   230                           ;	Table Write Protect 08000-0BFFF
   231                           ;	WRT2 = OFF, Block 2 (008000-00BFFFh) not write-protected
   232   30000A                     	org	3145738
   233   30000A  0F                 	db	15
   234                           
   235                           ;Config register CONFIG6H @ 0x30000B
   236                           ;	Config. Write Protect
   237                           ;	WRTC = OFF, Configuration registers (300000-3000FFh) not write-protected
   238                           ;	Table Write Protect Boot
   239                           ;	WRTB = OFF, Boot block (000000-0007FFh) not write-protected
   240                           ;	Data EE Write Protect
   241                           ;	WRTD = OFF, Data EEPROM not write-protected
   242   30000B                     	org	3145739
   243   30000B  E0                 	db	224
   244                           
   245                           ;Config register CONFIG7L @ 0x30000C
   246                           ;	Table Read Protect 00800-003FFF
   247                           ;	EBTR0 = OFF, Block 0 (000800-003FFFh) not protected from table reads executed in other
      +                           blocks
   248                           ;	Table Read Protect 004000-07FFF
   249                           ;	EBTR1 = OFF, Block 1 (004000-007FFFh) not protected from table reads executed in other
      +                           blocks
   250                           ;	Table Read Protect 08000-0BFFF
   251                           ;	EBTR2 = OFF, Block 2 (008000-00BFFFh) not protected from table reads executed in other
      +                           blocks
   252   30000C                     	org	3145740
   253   30000C  0F                 	db	15
   254                           
   255                           ;Config register CONFIG7H @ 0x30000D
   256                           ;	Table Read Protect Boot
   257                           ;	EBTRB = OFF, Boot block (000000-0007FFh) not protected from table reads executed in ot
      +                          her blocks
   258   30000D                     	org	3145741
   259   30000D  40                 	db	64
   260                           tosu	equ	0xFFF
   261                           tosh	equ	0xFFE
   262                           tosl	equ	0xFFD
   263                           stkptr	equ	0xFFC
   264                           pclatu	equ	0xFFB
   265                           pclath	equ	0xFFA
   266                           pcl	equ	0xFF9
   267                           tblptru	equ	0xFF8
   268                           tblptrh	equ	0xFF7
   269                           tblptrl	equ	0xFF6
   270                           tablat	equ	0xFF5
   271                           prodh	equ	0xFF4
   272                           prodl	equ	0xFF3
   273                           indf0	equ	0xFEF
   274                           postinc0	equ	0xFEE
   275                           postdec0	equ	0xFED
   276                           preinc0	equ	0xFEC
   277                           plusw0	equ	0xFEB
   278                           fsr0h	equ	0xFEA
   279                           fsr0l	equ	0xFE9
   280                           wreg	equ	0xFE8
   281                           indf1	equ	0xFE7
   282                           postinc1	equ	0xFE6
   283                           postdec1	equ	0xFE5
   284                           preinc1	equ	0xFE4
   285                           plusw1	equ	0xFE3
   286                           fsr1h	equ	0xFE2
   287                           fsr1l	equ	0xFE1
   288                           bsr	equ	0xFE0
   289                           indf2	equ	0xFDF
   290                           postinc2	equ	0xFDE
   291                           postdec2	equ	0xFDD
   292                           preinc2	equ	0xFDC
   293                           plusw2	equ	0xFDB
   294                           fsr2h	equ	0xFDA
   295                           fsr2l	equ	0xFD9
   296                           status	equ	0xFD8

Data Sizes:
    Strings     0
    Constant    0
    Data        0
    BSS         0
    Persistent  0
    Stack       0

Auto Spaces:
    Space          Size  Autos    Used
    COMRAM           95      2       2
    BANK0           160      0       0
    BANK1           256      0       0
    BANK2           256      0       0
    BANK3           256      0       0
    BANK4           256      0       0
    BANK5           256      0       0
    BANK6           256      0       0
    BANK7           256      0       0
    BANK8           256      0       0
    BANK9           256      0       0
    BANK10          256      0       0
    BANK11          256      0       0
    BANK12          256      0       0

Pointer List with Targets:

    None.

Critical Paths under _main in COMRAM

    None.

Critical Paths under _main in BANK0

    None.

Critical Paths under _main in BANK1

    None.

Critical Paths under _main in BANK2

    None.

Critical Paths under _main in BANK3

    None.

Critical Paths under _main in BANK4

    None.

Critical Paths under _main in BANK5

    None.

Critical Paths under _main in BANK6

    None.

Critical Paths under _main in BANK7

    None.

Critical Paths under _main in BANK8

    None.

Critical Paths under _main in BANK9

    None.

Critical Paths under _main in BANK10

    None.

Critical Paths under _main in BANK11

    None.

Critical Paths under _main in BANK12

    None.

Call Graph Tables:

 ---------------------------------------------------------------------------------
 (Depth) Function   	        Calls       Base Space   Used Autos Params    Refs
 ---------------------------------------------------------------------------------
 (0) _main                                                 2     2      0       0
                                              0 COMRAM     2     2      0
 ---------------------------------------------------------------------------------
 Estimated maximum stack depth 0
 ---------------------------------------------------------------------------------

 Call Graph Graphs:

 _main (ROOT)

 Address spaces:
Name               Size   Autos  Total    Cost      Usage
BITCOMRAM           5F      0       0       0        0.0%
EEDATA             400      0       0       0        0.0%
NULL                 0      0       0       0        0.0%
CODE                 0      0       0       0        0.0%
COMRAM              5F      2       2       1        2.1%
STACK                0      0       0       2        0.0%
DATA                 0      0       0       3        0.0%
BITBANK0            A0      0       0       4        0.0%
BANK0               A0      0       0       5        0.0%
BITBANK1           100      0       0       6        0.0%
BANK1              100      0       0       7        0.0%
ABS                  0      0       0       8        0.0%
BITBANK2           100      0       0       9        0.0%
BANK2              100      0       0      10        0.0%
BITBANK3           100      0       0      11        0.0%
BANK3              100      0       0      12        0.0%
BITBANK4           100      0       0      13        0.0%
BANK4              100      0       0      14        0.0%
BITBANK5           100      0       0      15        0.0%
BANK5              100      0       0      16        0.0%
BITBANK6           100      0       0      17        0.0%
BANK6              100      0       0      18        0.0%
BITBANK7           100      0       0      19        0.0%
BANK7              100      0       0      20        0.0%
BITBANK8           100      0       0      21        0.0%
BANK8              100      0       0      22        0.0%
BITBANK9           100      0       0      23        0.0%
BANK9              100      0       0      24        0.0%
BITBANK10          100      0       0      25        0.0%
BANK10             100      0       0      26        0.0%
BITBANK11          100      0       0      27        0.0%
BANK11             100      0       0      28        0.0%
BITBANK12          100      0       0      29        0.0%
BANK12             100      0       0      30        0.0%
BITBIGSFRh          6C      0       0      31        0.0%
BITBIGSFRlh         11      0       0      32        0.0%
BITBIGSFRll        281      0       0      33        0.0%
BIGRAM             CFF      0       0      34        0.0%
BIGSFR               0      0       0     200        0.0%
BITSFR_3             0      0       0     200        0.0%
SFR_3                0      0       0     200        0.0%
BITSFR_2             0      0       0     200        0.0%
SFR_2                0      0       0     200        0.0%
BITSFR_1             0      0       0     200        0.0%
SFR_1                0      0       0     200        0.0%
BITSFR               0      0       0     200        0.0%
SFR                  0      0       0     200        0.0%


Microchip Technology PIC18 Macro Assembler V2.46 build 20240104201356 
Symbol Table                                                                                   Thu Jul 25 13:11:47 2024

                                                                u17 0D16  
                                                               l690 0D02  
                                                               l692 0D08  
                                                               l694 0D0C  
                                                               wreg 0FE8  
                                                              _main 0D02  
                                                              start 0000  
                                                      ___param_bank 0000  
                                                             ?_main 0001  
                                                             _TRISB 0F93  
                                                   __initialization 0D2C  
                                                      __end_of_main 0D2C  
                                                            ??_main 0001  
                                                     __activetblptr 0000  
                                                            isa$std 0001  
                                                      __mediumconst 0000  
                                                        __accesstop 0060  
                                           __end_of__initialization 0D2C  
                                                     ___rparam_used 0001  
                                                    __pcstackCOMRAM 0001  
                                                           __Hparam 0000  
                                                           __Lparam 0000  
                                                      __psmallconst 0D00  
                                                           __pcinit 0D2C  
                                                           __ramtop 0D00  
                                                           __ptext0 0D02  
                                              end_of_initialization 0D2C  
                                                         _PORTBbits 0F81  
                                               start_initialization 0D2C  
                                                       __smallconst 0D00  
                                                          __Hrparam 0000  
                                                          __Lrparam 0000  
                                                          isa$xinst 0000  
